K:\Components\Library\JPEG\libjpeg\lib\x64\Release\cl.command.1.tlog
K:\Components\Library\JPEG\libjpeg\lib\x64\Release\CL.read.1.tlog
K:\Components\Library\JPEG\libjpeg\lib\x64\Release\CL.write.1.tlog
K:\COMPONENTS\LIBRARY\JPEG\LIBJPEG\LIB\X64\RELEASE\JARICOM.OBJ
K:\COMPONENTS\LIBRARY\JPEG\LIBJPEG\LIB\X64\RELEASE\JCAPIMIN.OBJ
K:\COMPONENTS\LIBRARY\JPEG\LIBJPEG\LIB\X64\RELEASE\JCAPISTD.OBJ
K:\COMPONENTS\LIBRARY\JPEG\LIBJPEG\LIB\X64\RELEASE\JCARITH.OBJ
K:\COMPONENTS\LIBRARY\JPEG\LIBJPEG\LIB\X64\RELEASE\JCCOEFCT.OBJ
K:\COMPONENTS\LIBRARY\JPEG\LIBJPEG\LIB\X64\RELEASE\JCCOLOR.OBJ
K:\COMPONENTS\LIBRARY\JPEG\LIBJPEG\LIB\X64\RELEASE\JCDCTMGR.OBJ
K:\COMPONENTS\LIBRARY\JPEG\LIBJPEG\LIB\X64\RELEASE\JCHUFF.OBJ
K:\COMPONENTS\LIBRARY\JPEG\LIBJPEG\LIB\X64\RELEASE\JCINIT.OBJ
K:\COMPONENTS\LIBRARY\JPEG\LIBJPEG\LIB\X64\RELEASE\JCMAINCT.OBJ
K:\COMPONENTS\LIBRARY\JPEG\LIBJPEG\LIB\X64\RELEASE\JCMARKER.OBJ
K:\COMPONENTS\LIBRARY\JPEG\LIBJPEG\LIB\X64\RELEASE\JCMASTER.OBJ
K:\COMPONENTS\LIBRARY\JPEG\LIBJPEG\LIB\X64\RELEASE\JCOMAPI.OBJ
K:\COMPONENTS\LIBRARY\JPEG\LIBJPEG\LIB\X64\RELEASE\JCPARAM.OBJ
K:\COMPONENTS\LIBRARY\JPEG\LIBJPEG\LIB\X64\RELEASE\JCPREPCT.OBJ
K:\COMPONENTS\LIBRARY\JPEG\LIBJPEG\LIB\X64\RELEASE\JCSAMPLE.OBJ
K:\COMPONENTS\LIBRARY\JPEG\LIBJPEG\LIB\X64\RELEASE\JCTRANS.OBJ
K:\COMPONENTS\LIBRARY\JPEG\LIBJPEG\LIB\X64\RELEASE\JDAPIMIN.OBJ
K:\COMPONENTS\LIBRARY\JPEG\LIBJPEG\LIB\X64\RELEASE\JDAPISTD.OBJ
K:\COMPONENTS\LIBRARY\JPEG\LIBJPEG\LIB\X64\RELEASE\JDARITH.OBJ
K:\COMPONENTS\LIBRARY\JPEG\LIBJPEG\LIB\X64\RELEASE\JDATADST.OBJ
K:\COMPONENTS\LIBRARY\JPEG\LIBJPEG\LIB\X64\RELEASE\JDATASRC.OBJ
K:\COMPONENTS\LIBRARY\JPEG\LIBJPEG\LIB\X64\RELEASE\JDCOEFCT.OBJ
K:\COMPONENTS\LIBRARY\JPEG\LIBJPEG\LIB\X64\RELEASE\JDCOLOR.OBJ
K:\COMPONENTS\LIBRARY\JPEG\LIBJPEG\LIB\X64\RELEASE\JDDCTMGR.OBJ
K:\COMPONENTS\LIBRARY\JPEG\LIBJPEG\LIB\X64\RELEASE\JDHUFF.OBJ
K:\COMPONENTS\LIBRARY\JPEG\LIBJPEG\LIB\X64\RELEASE\JDINPUT.OBJ
K:\COMPONENTS\LIBRARY\JPEG\LIBJPEG\LIB\X64\RELEASE\JDMAINCT.OBJ
K:\COMPONENTS\LIBRARY\JPEG\LIBJPEG\LIB\X64\RELEASE\JDMARKER.OBJ
K:\COMPONENTS\LIBRARY\JPEG\LIBJPEG\LIB\X64\RELEASE\JDMASTER.OBJ
K:\COMPONENTS\LIBRARY\JPEG\LIBJPEG\LIB\X64\RELEASE\JDMERGE.OBJ
K:\COMPONENTS\LIBRARY\JPEG\LIBJPEG\LIB\X64\RELEASE\JDPOSTCT.OBJ
K:\COMPONENTS\LIBRARY\JPEG\LIBJPEG\LIB\X64\RELEASE\JDSAMPLE.OBJ
K:\COMPONENTS\LIBRARY\JPEG\LIBJPEG\LIB\X64\RELEASE\JDTRANS.OBJ
K:\COMPONENTS\LIBRARY\JPEG\LIBJPEG\LIB\X64\RELEASE\JERROR.OBJ
K:\COMPONENTS\LIBRARY\JPEG\LIBJPEG\LIB\X64\RELEASE\JFDCTFLT.OBJ
K:\COMPONENTS\LIBRARY\JPEG\LIBJPEG\LIB\X64\RELEASE\JFDCTFST.OBJ
K:\COMPONENTS\LIBRARY\JPEG\LIBJPEG\LIB\X64\RELEASE\JFDCTINT.OBJ
K:\COMPONENTS\LIBRARY\JPEG\LIBJPEG\LIB\X64\RELEASE\JIDCTFLT.OBJ
K:\COMPONENTS\LIBRARY\JPEG\LIBJPEG\LIB\X64\RELEASE\JIDCTFST.OBJ
K:\COMPONENTS\LIBRARY\JPEG\LIBJPEG\LIB\X64\RELEASE\JIDCTINT.OBJ
K:\COMPONENTS\LIBRARY\JPEG\LIBJPEG\LIB\X64\RELEASE\JMEMMGR.OBJ
K:\COMPONENTS\LIBRARY\JPEG\LIBJPEG\LIB\X64\RELEASE\JMEMNOBS.OBJ
K:\COMPONENTS\LIBRARY\JPEG\LIBJPEG\LIB\X64\RELEASE\JPEG_LIB.LIB
K:\Components\Library\JPEG\libjpeg\lib\x64\Release\jpeg_lib.write.1.tlog
K:\COMPONENTS\LIBRARY\JPEG\LIBJPEG\LIB\X64\RELEASE\JQUANT1.OBJ
K:\COMPONENTS\LIBRARY\JPEG\LIBJPEG\LIB\X64\RELEASE\JQUANT2.OBJ
K:\COMPONENTS\LIBRARY\JPEG\LIBJPEG\LIB\X64\RELEASE\JUTILS.OBJ
K:\Components\Library\JPEG\libjpeg\lib\x64\Release\lib.command.1.tlog
K:\Components\Library\JPEG\libjpeg\lib\x64\Release\Lib-link.read.1.tlog
K:\Components\Library\JPEG\libjpeg\lib\x64\Release\Lib-link.write.1.tlog
K:\COMPONENTS\LIBRARY\JPEG\LIBJPEG\LIB\X64\RELEASE\VC100.PDB
