Build started 14/06/2016 14:51:10.
     1>Project "K:\Components\LibraryV2\JPEG\libjpeg\lib\jpeg_lib.vcxproj" on node 2 (build target(s)).
     1>InitializeBuildStatus:
         Touching "x64\Release\jpeg_lib.unsuccessfulbuild".
       ClCompile:
         c:\Program Files (x86)\Microsoft Visual Studio 10.0\VC\bin\x86_amd64\CL.exe /c /Zi /nologo /W3 /WX- /O2 /Oi /Oy- /GL /D WIN32 /D NDEBUG /D _LIB /D _CRT_SECURE_NO_WARNINGS /Gm- /EHsc /MD /GS /Gy /fp:precise /Zc:wchar_t /Zc:forScope /Fo"x64\Release\\" /Fd"x64\Release\vc100.pdb" /Gd /TC /errorReport:prompt "..\..\libjpeg-sr9b\jaricom.c" "..\..\libjpeg-sr9b\jcapimin.c" "..\..\libjpeg-sr9b\jcapistd.c" "..\..\libjpeg-sr9b\jcarith.c" "..\..\libjpeg-sr9b\jccoefct.c" "..\..\libjpeg-sr9b\jccolor.c" "..\..\libjpeg-sr9b\jcdctmgr.c" "..\..\libjpeg-sr9b\jchuff.c" "..\..\libjpeg-sr9b\jcinit.c" "..\..\libjpeg-sr9b\jcmainct.c" "..\..\libjpeg-sr9b\jcmarker.c" "..\..\libjpeg-sr9b\jcmaster.c" "..\..\libjpeg-sr9b\jcomapi.c" "..\..\libjpeg-sr9b\jcparam.c" "..\..\libjpeg-sr9b\jcprepct.c" "..\..\libjpeg-sr9b\jcsample.c" "..\..\libjpeg-sr9b\jctrans.c" "..\..\libjpeg-sr9b\jdapimin.c" "..\..\libjpeg-sr9b\jdapistd.c" "..\..\libjpeg-sr9b\jdarith.c" "..\..\libjpeg-sr9b\jdatadst.c" "..\..\libjpeg-sr9b\jdatasrc.c" "..\..\libjpeg-sr9b\jdcoefct.c" "..\..\libjpeg-sr9b\jdcolor.c" "..\..\libjpeg-sr9b\jddctmgr.c" "..\..\libjpeg-sr9b\jdhuff.c" "..\..\libjpeg-sr9b\jdinput.c" "..\..\libjpeg-sr9b\jdmainct.c" "..\..\libjpeg-sr9b\jdmarker.c" "..\..\libjpeg-sr9b\jdmaster.c" "..\..\libjpeg-sr9b\jdmerge.c" "..\..\libjpeg-sr9b\jdpostct.c" "..\..\libjpeg-sr9b\jdsample.c" "..\..\libjpeg-sr9b\jdtrans.c" "..\..\libjpeg-sr9b\jerror.c" "..\..\libjpeg-sr9b\jfdctflt.c" "..\..\libjpeg-sr9b\jfdctfst.c" "..\..\libjpeg-sr9b\jfdctint.c" "..\..\libjpeg-sr9b\jidctflt.c" "..\..\libjpeg-sr9b\jidctfst.c" "..\..\libjpeg-sr9b\jidctint.c" "..\..\libjpeg-sr9b\jmemmgr.c" "..\..\libjpeg-sr9b\jmemnobs.c" "..\..\libjpeg-sr9b\jquant1.c" "..\..\libjpeg-sr9b\jutils.c"
         jaricom.c
         jcapimin.c
         jcapistd.c
         jcarith.c
         jccoefct.c
         jccolor.c
         jcdctmgr.c
         jchuff.c
         jcinit.c
         jcmainct.c
         jcmarker.c
         jcmaster.c
         jcomapi.c
         jcparam.c
         jcprepct.c
         jcsample.c
         jctrans.c
         jdapimin.c
         jdapistd.c
         jdarith.c
         Compiling...
         jdatadst.c
     1>..\..\libjpeg-sr9b\jdatadst.c(185): warning C4267: '=' : conversion from 'size_t' to 'unsigned long', possible loss of data
         jdatasrc.c
         jdcoefct.c
         jdcolor.c
         jddctmgr.c
         jdhuff.c
         jdinput.c
         jdmainct.c
         jdmarker.c
         jdmaster.c
         jdmerge.c
         jdpostct.c
         jdsample.c
         jdtrans.c
         jerror.c
         jfdctflt.c
         jfdctfst.c
         jfdctint.c
         jidctflt.c
         jidctfst.c
         Compiling...
         jidctint.c
         jmemmgr.c
     1>..\..\libjpeg-sr9b\jmemmgr.c(307): warning C4267: '+=' : conversion from 'size_t' to 'long', possible loss of data
     1>..\..\libjpeg-sr9b\jmemmgr.c(367): warning C4267: '+=' : conversion from 'size_t' to 'long', possible loss of data
     1>..\..\libjpeg-sr9b\jmemmgr.c(977): warning C4267: '-=' : conversion from 'size_t' to 'long', possible loss of data
     1>..\..\libjpeg-sr9b\jmemmgr.c(991): warning C4267: '-=' : conversion from 'size_t' to 'long', possible loss of data
         jmemnobs.c
         jquant1.c
         jutils.c
         c:\Program Files (x86)\Microsoft Visual Studio 10.0\VC\bin\x86_amd64\CL.exe /c /Zi /nologo /W3 /WX- /Od /Oi /Oy- /GL /D WIN32 /D NDEBUG /D _LIB /D _CRT_SECURE_NO_WARNINGS /Gm- /EHsc /MD /GS- /Gy /fp:precise /Zc:wchar_t /Zc:forScope /Fo"x64\Release\\" /Fd"x64\Release\vc100.pdb" /Gd /TC /errorReport:prompt "..\..\libjpeg-sr9b\jquant2.c"
         jquant2.c
       Lib:
         c:\Program Files (x86)\Microsoft Visual Studio 10.0\VC\bin\x86_amd64\Lib.exe /OUT:"K:\Components\LibraryV2\JPEG\libjpeg\lib\x64\Release\jpeg_lib.lib" /NOLOGO /LTCG x64\Release\jaricom.obj
         x64\Release\jcapimin.obj
         x64\Release\jcapistd.obj
         x64\Release\jcarith.obj
         x64\Release\jccoefct.obj
         x64\Release\jccolor.obj
         x64\Release\jcdctmgr.obj
         x64\Release\jchuff.obj
         x64\Release\jcinit.obj
         x64\Release\jcmainct.obj
         x64\Release\jcmarker.obj
         x64\Release\jcmaster.obj
         x64\Release\jcomapi.obj
         x64\Release\jcparam.obj
         x64\Release\jcprepct.obj
         x64\Release\jcsample.obj
         x64\Release\jctrans.obj
         x64\Release\jdapimin.obj
         x64\Release\jdapistd.obj
         x64\Release\jdarith.obj
         x64\Release\jdatadst.obj
         x64\Release\jdatasrc.obj
         x64\Release\jdcoefct.obj
         x64\Release\jdcolor.obj
         x64\Release\jddctmgr.obj
         x64\Release\jdhuff.obj
         x64\Release\jdinput.obj
         x64\Release\jdmainct.obj
         x64\Release\jdmarker.obj
         x64\Release\jdmaster.obj
         x64\Release\jdmerge.obj
         x64\Release\jdpostct.obj
         x64\Release\jdsample.obj
         x64\Release\jdtrans.obj
         x64\Release\jerror.obj
         x64\Release\jfdctflt.obj
         x64\Release\jfdctfst.obj
         x64\Release\jfdctint.obj
         x64\Release\jidctflt.obj
         x64\Release\jidctfst.obj
         x64\Release\jidctint.obj
         x64\Release\jmemmgr.obj
         x64\Release\jmemnobs.obj
         x64\Release\jquant1.obj
         x64\Release\jquant2.obj
         x64\Release\jutils.obj
         jpeg_lib.vcxproj -> K:\Components\LibraryV2\JPEG\libjpeg\lib\x64\Release\jpeg_lib.lib
       PostBuildEvent:
         copy K:\Components\LibraryV2\JPEG\libjpeg\lib\x64\Release\jpeg_lib.lib K:\Components\LibraryV2\JPEG\libjpeg\binaries\lib\x64\Release\jpeg-sr9b.lib
         :VCEnd
                 1 fichier(s) copié(s).
       FinalizeBuildStatus:
         Deleting file "x64\Release\jpeg_lib.unsuccessfulbuild".
         Touching "x64\Release\jpeg_lib.lastbuildstate".
     1>Done Building Project "K:\Components\LibraryV2\JPEG\libjpeg\lib\jpeg_lib.vcxproj" (build target(s)).

Build succeeded.

Time Elapsed 00:00:02.41
