K:\Components\Library\JPEG\libjpeg\dll\x64\Debug\cl.command.1.tlog
K:\Components\Library\JPEG\libjpeg\dll\x64\Debug\CL.read.1.tlog
K:\Components\Library\JPEG\libjpeg\dll\x64\Debug\CL.write.1.tlog
K:\COMPONENTS\LIBRARY\JPEG\LIBJPEG\DLL\X64\DEBUG\JARICOM.OBJ
K:\COMPONENTS\LIBRARY\JPEG\LIBJPEG\DLL\X64\DEBUG\JCAPIMIN.OBJ
K:\COMPONENTS\LIBRARY\JPEG\LIBJPEG\DLL\X64\DEBUG\JCAPISTD.OBJ
K:\COMPONENTS\LIBRARY\JPEG\LIBJPEG\DLL\X64\DEBUG\JCARITH.OBJ
K:\COMPONENTS\LIBRARY\JPEG\LIBJPEG\DLL\X64\DEBUG\JCCOEFCT.OBJ
K:\COMPONENTS\LIBRARY\JPEG\LIBJPEG\DLL\X64\DEBUG\JCCOLOR.OBJ
K:\COMPONENTS\LIBRARY\JPEG\LIBJPEG\DLL\X64\DEBUG\JCDCTMGR.OBJ
K:\COMPONENTS\LIBRARY\JPEG\LIBJPEG\DLL\X64\DEBUG\JCHUFF.OBJ
K:\COMPONENTS\LIBRARY\JPEG\LIBJPEG\DLL\X64\DEBUG\JCINIT.OBJ
K:\COMPONENTS\LIBRARY\JPEG\LIBJPEG\DLL\X64\DEBUG\JCMAINCT.OBJ
K:\COMPONENTS\LIBRARY\JPEG\LIBJPEG\DLL\X64\DEBUG\JCMARKER.OBJ
K:\COMPONENTS\LIBRARY\JPEG\LIBJPEG\DLL\X64\DEBUG\JCMASTER.OBJ
K:\COMPONENTS\LIBRARY\JPEG\LIBJPEG\DLL\X64\DEBUG\JCOMAPI.OBJ
K:\COMPONENTS\LIBRARY\JPEG\LIBJPEG\DLL\X64\DEBUG\JCPARAM.OBJ
K:\COMPONENTS\LIBRARY\JPEG\LIBJPEG\DLL\X64\DEBUG\JCPREPCT.OBJ
K:\COMPONENTS\LIBRARY\JPEG\LIBJPEG\DLL\X64\DEBUG\JCSAMPLE.OBJ
K:\COMPONENTS\LIBRARY\JPEG\LIBJPEG\DLL\X64\DEBUG\JCTRANS.OBJ
K:\COMPONENTS\LIBRARY\JPEG\LIBJPEG\DLL\X64\DEBUG\JDAPIMIN.OBJ
K:\COMPONENTS\LIBRARY\JPEG\LIBJPEG\DLL\X64\DEBUG\JDAPISTD.OBJ
K:\COMPONENTS\LIBRARY\JPEG\LIBJPEG\DLL\X64\DEBUG\JDARITH.OBJ
K:\COMPONENTS\LIBRARY\JPEG\LIBJPEG\DLL\X64\DEBUG\JDATADST.OBJ
K:\COMPONENTS\LIBRARY\JPEG\LIBJPEG\DLL\X64\DEBUG\JDATASRC.OBJ
K:\COMPONENTS\LIBRARY\JPEG\LIBJPEG\DLL\X64\DEBUG\JDCOEFCT.OBJ
K:\COMPONENTS\LIBRARY\JPEG\LIBJPEG\DLL\X64\DEBUG\JDCOLOR.OBJ
K:\COMPONENTS\LIBRARY\JPEG\LIBJPEG\DLL\X64\DEBUG\JDDCTMGR.OBJ
K:\COMPONENTS\LIBRARY\JPEG\LIBJPEG\DLL\X64\DEBUG\JDHUFF.OBJ
K:\COMPONENTS\LIBRARY\JPEG\LIBJPEG\DLL\X64\DEBUG\JDINPUT.OBJ
K:\COMPONENTS\LIBRARY\JPEG\LIBJPEG\DLL\X64\DEBUG\JDMAINCT.OBJ
K:\COMPONENTS\LIBRARY\JPEG\LIBJPEG\DLL\X64\DEBUG\JDMARKER.OBJ
K:\COMPONENTS\LIBRARY\JPEG\LIBJPEG\DLL\X64\DEBUG\JDMASTER.OBJ
K:\COMPONENTS\LIBRARY\JPEG\LIBJPEG\DLL\X64\DEBUG\JDMERGE.OBJ
K:\COMPONENTS\LIBRARY\JPEG\LIBJPEG\DLL\X64\DEBUG\JDPOSTCT.OBJ
K:\COMPONENTS\LIBRARY\JPEG\LIBJPEG\DLL\X64\DEBUG\JDSAMPLE.OBJ
K:\COMPONENTS\LIBRARY\JPEG\LIBJPEG\DLL\X64\DEBUG\JDTRANS.OBJ
K:\COMPONENTS\LIBRARY\JPEG\LIBJPEG\DLL\X64\DEBUG\JERROR.OBJ
K:\COMPONENTS\LIBRARY\JPEG\LIBJPEG\DLL\X64\DEBUG\JFDCTFLT.OBJ
K:\COMPONENTS\LIBRARY\JPEG\LIBJPEG\DLL\X64\DEBUG\JFDCTFST.OBJ
K:\COMPONENTS\LIBRARY\JPEG\LIBJPEG\DLL\X64\DEBUG\JFDCTINT.OBJ
K:\COMPONENTS\LIBRARY\JPEG\LIBJPEG\DLL\X64\DEBUG\JIDCTFLT.OBJ
K:\COMPONENTS\LIBRARY\JPEG\LIBJPEG\DLL\X64\DEBUG\JIDCTFST.OBJ
K:\COMPONENTS\LIBRARY\JPEG\LIBJPEG\DLL\X64\DEBUG\JIDCTINT.OBJ
K:\COMPONENTS\LIBRARY\JPEG\LIBJPEG\DLL\X64\DEBUG\JMEMMGR.OBJ
K:\COMPONENTS\LIBRARY\JPEG\LIBJPEG\DLL\X64\DEBUG\JMEMNOBS.OBJ
K:\COMPONENTS\LIBRARY\JPEG\LIBJPEG\DLL\X64\DEBUG\JPEG_DLL.DLL
K:\COMPONENTS\LIBRARY\JPEG\LIBJPEG\DLL\X64\DEBUG\JPEG_DLL.DLL.INTERMEDIATE.MANIFEST
K:\Components\Library\JPEG\libjpeg\dll\x64\Debug\jpeg_dll.write.1.tlog
K:\COMPONENTS\LIBRARY\JPEG\LIBJPEG\DLL\X64\DEBUG\JQUANT1.OBJ
K:\COMPONENTS\LIBRARY\JPEG\LIBJPEG\DLL\X64\DEBUG\JQUANT2.OBJ
K:\COMPONENTS\LIBRARY\JPEG\LIBJPEG\DLL\X64\DEBUG\JUTILS.OBJ
K:\Components\Library\JPEG\libjpeg\dll\x64\Debug\link.command.1.tlog
K:\Components\Library\JPEG\libjpeg\dll\x64\Debug\link.read.1.tlog
K:\Components\Library\JPEG\libjpeg\dll\x64\Debug\link.write.1.tlog
K:\Components\Library\JPEG\libjpeg\dll\x64\Debug\mt.command.1.tlog
K:\Components\Library\JPEG\libjpeg\dll\x64\Debug\mt.read.1.tlog
K:\Components\Library\JPEG\libjpeg\dll\x64\Debug\mt.write.1.tlog
K:\COMPONENTS\LIBRARY\JPEG\LIBJPEG\DLL\X64\DEBUG\VC100.PDB
