Build started 14/06/2016 14:51:20.
     1>Project "K:\Components\LibraryV2\JPEG\libjpeg\dll\jpeg_dll.vcxproj" on node 2 (build target(s)).
     1>InitializeBuildStatus:
         Touching "x64\Debug\jpeg_dll.unsuccessfulbuild".
       ClCompile:
         All outputs are up-to-date.
       Link:
         c:\Program Files (x86)\Microsoft Visual Studio 10.0\VC\bin\x86_amd64\link.exe /ERRORREPORT:PROMPT /OUT:"K:\Components\LibraryV2\JPEG\libjpeg\dll\x64\Debug\jpeg_dll.dll" /NOLOGO kernel32.lib user32.lib gdi32.lib winspool.lib comdlg32.lib advapi32.lib shell32.lib ole32.lib oleaut32.lib uuid.lib odbc32.lib odbccp32.lib /MANIFEST /ManifestFile:"x64\Debug\jpeg_dll.dll.intermediate.manifest" /MANIFESTUAC:"level='asInvoker' uiAccess='false'" /PDB:"K:\Components\LibraryV2\JPEG\libjpeg\dll\x64\Debug\jpeg_dll.pdb" /TLBID:1 /DYNAMICBASE /NXCOMPAT /IMPLIB:"K:\Components\LibraryV2\JPEG\libjpeg\dll\x64\Debug\jpeg_dll.lib" /MACHINE:X64 /DLL x64\Debug\jaricom.obj
         x64\Debug\jcapimin.obj
         x64\Debug\jcapistd.obj
         x64\Debug\jcarith.obj
         x64\Debug\jccoefct.obj
         x64\Debug\jccolor.obj
         x64\Debug\jcdctmgr.obj
         x64\Debug\jchuff.obj
         x64\Debug\jcinit.obj
         x64\Debug\jcmainct.obj
         x64\Debug\jcmarker.obj
         x64\Debug\jcmaster.obj
         x64\Debug\jcomapi.obj
         x64\Debug\jcparam.obj
         x64\Debug\jcprepct.obj
         x64\Debug\jcsample.obj
         x64\Debug\jctrans.obj
         x64\Debug\jdapimin.obj
         x64\Debug\jdapistd.obj
         x64\Debug\jdarith.obj
         x64\Debug\jdatadst.obj
         x64\Debug\jdatasrc.obj
         x64\Debug\jdcoefct.obj
         x64\Debug\jdcolor.obj
         x64\Debug\jddctmgr.obj
         x64\Debug\jdhuff.obj
         x64\Debug\jdinput.obj
         x64\Debug\jdmainct.obj
         x64\Debug\jdmarker.obj
         x64\Debug\jdmaster.obj
         x64\Debug\jdmerge.obj
         x64\Debug\jdpostct.obj
         x64\Debug\jdsample.obj
         x64\Debug\jdtrans.obj
         x64\Debug\jerror.obj
         x64\Debug\jfdctflt.obj
         x64\Debug\jfdctfst.obj
         x64\Debug\jfdctint.obj
         x64\Debug\jidctflt.obj
         x64\Debug\jidctfst.obj
         x64\Debug\jidctint.obj
         x64\Debug\jmemmgr.obj
         x64\Debug\jmemnobs.obj
         x64\Debug\jquant1.obj
         x64\Debug\jquant2.obj
         x64\Debug\jutils.obj
         jpeg_dll.vcxproj -> K:\Components\LibraryV2\JPEG\libjpeg\dll\x64\Debug\jpeg_dll.dll
       Manifest:
         C:\Program Files (x86)\Microsoft SDKs\Windows\v7.0A\bin\mt.exe /nologo /verbose /outputresource:"K:\Components\LibraryV2\JPEG\libjpeg\dll\x64\Debug\jpeg_dll.dll;#2" /manifest x64\Debug\jpeg_dll.dll.intermediate.manifest
       PostBuildEvent:
         copy K:\Components\LibraryV2\JPEG\libjpeg\dll\x64\Debug\jpeg_dll.dll K:\Components\LibraryV2\JPEG\libjpeg\binaries\dll\x64\Debug\jpeg-sr9b.dll
         :VCEnd
                 1 fichier(s) copié(s).
       FinalizeBuildStatus:
         Deleting file "x64\Debug\jpeg_dll.unsuccessfulbuild".
         Touching "x64\Debug\jpeg_dll.lastbuildstate".
     1>Done Building Project "K:\Components\LibraryV2\JPEG\libjpeg\dll\jpeg_dll.vcxproj" (build target(s)).

Build succeeded.

Time Elapsed 00:00:00.84
