K:\Components\Library\JPEG\libjpeg\lib\x86\Release\cl.command.1.tlog
K:\Components\Library\JPEG\libjpeg\lib\x86\Release\CL.read.1.tlog
K:\Components\Library\JPEG\libjpeg\lib\x86\Release\CL.write.1.tlog
K:\COMPONENTS\LIBRARY\JPEG\LIBJPEG\LIB\X86\RELEASE\JARICOM.OBJ
K:\COMPONENTS\LIBRARY\JPEG\LIBJPEG\LIB\X86\RELEASE\JCAPIMIN.OBJ
K:\COMPONENTS\LIBRARY\JPEG\LIBJPEG\LIB\X86\RELEASE\JCAPISTD.OBJ
K:\COMPONENTS\LIBRARY\JPEG\LIBJPEG\LIB\X86\RELEASE\JCARITH.OBJ
K:\COMPONENTS\LIBRARY\JPEG\LIBJPEG\LIB\X86\RELEASE\JCCOEFCT.OBJ
K:\COMPONENTS\LIBRARY\JPEG\LIBJPEG\LIB\X86\RELEASE\JCCOLOR.OBJ
K:\COMPONENTS\LIBRARY\JPEG\LIBJPEG\LIB\X86\RELEASE\JCDCTMGR.OBJ
K:\COMPONENTS\LIBRARY\JPEG\LIBJPEG\LIB\X86\RELEASE\JCHUFF.OBJ
K:\COMPONENTS\LIBRARY\JPEG\LIBJPEG\LIB\X86\RELEASE\JCINIT.OBJ
K:\COMPONENTS\LIBRARY\JPEG\LIBJPEG\LIB\X86\RELEASE\JCMAINCT.OBJ
K:\COMPONENTS\LIBRARY\JPEG\LIBJPEG\LIB\X86\RELEASE\JCMARKER.OBJ
K:\COMPONENTS\LIBRARY\JPEG\LIBJPEG\LIB\X86\RELEASE\JCMASTER.OBJ
K:\COMPONENTS\LIBRARY\JPEG\LIBJPEG\LIB\X86\RELEASE\JCOMAPI.OBJ
K:\COMPONENTS\LIBRARY\JPEG\LIBJPEG\LIB\X86\RELEASE\JCPARAM.OBJ
K:\COMPONENTS\LIBRARY\JPEG\LIBJPEG\LIB\X86\RELEASE\JCPREPCT.OBJ
K:\COMPONENTS\LIBRARY\JPEG\LIBJPEG\LIB\X86\RELEASE\JCSAMPLE.OBJ
K:\COMPONENTS\LIBRARY\JPEG\LIBJPEG\LIB\X86\RELEASE\JCTRANS.OBJ
K:\COMPONENTS\LIBRARY\JPEG\LIBJPEG\LIB\X86\RELEASE\JDAPIMIN.OBJ
K:\COMPONENTS\LIBRARY\JPEG\LIBJPEG\LIB\X86\RELEASE\JDAPISTD.OBJ
K:\COMPONENTS\LIBRARY\JPEG\LIBJPEG\LIB\X86\RELEASE\JDARITH.OBJ
K:\COMPONENTS\LIBRARY\JPEG\LIBJPEG\LIB\X86\RELEASE\JDATADST.OBJ
K:\COMPONENTS\LIBRARY\JPEG\LIBJPEG\LIB\X86\RELEASE\JDATASRC.OBJ
K:\COMPONENTS\LIBRARY\JPEG\LIBJPEG\LIB\X86\RELEASE\JDCOEFCT.OBJ
K:\COMPONENTS\LIBRARY\JPEG\LIBJPEG\LIB\X86\RELEASE\JDCOLOR.OBJ
K:\COMPONENTS\LIBRARY\JPEG\LIBJPEG\LIB\X86\RELEASE\JDDCTMGR.OBJ
K:\COMPONENTS\LIBRARY\JPEG\LIBJPEG\LIB\X86\RELEASE\JDHUFF.OBJ
K:\COMPONENTS\LIBRARY\JPEG\LIBJPEG\LIB\X86\RELEASE\JDINPUT.OBJ
K:\COMPONENTS\LIBRARY\JPEG\LIBJPEG\LIB\X86\RELEASE\JDMAINCT.OBJ
K:\COMPONENTS\LIBRARY\JPEG\LIBJPEG\LIB\X86\RELEASE\JDMARKER.OBJ
K:\COMPONENTS\LIBRARY\JPEG\LIBJPEG\LIB\X86\RELEASE\JDMASTER.OBJ
K:\COMPONENTS\LIBRARY\JPEG\LIBJPEG\LIB\X86\RELEASE\JDMERGE.OBJ
K:\COMPONENTS\LIBRARY\JPEG\LIBJPEG\LIB\X86\RELEASE\JDPOSTCT.OBJ
K:\COMPONENTS\LIBRARY\JPEG\LIBJPEG\LIB\X86\RELEASE\JDSAMPLE.OBJ
K:\COMPONENTS\LIBRARY\JPEG\LIBJPEG\LIB\X86\RELEASE\JDTRANS.OBJ
K:\COMPONENTS\LIBRARY\JPEG\LIBJPEG\LIB\X86\RELEASE\JERROR.OBJ
K:\COMPONENTS\LIBRARY\JPEG\LIBJPEG\LIB\X86\RELEASE\JFDCTFLT.OBJ
K:\COMPONENTS\LIBRARY\JPEG\LIBJPEG\LIB\X86\RELEASE\JFDCTFST.OBJ
K:\COMPONENTS\LIBRARY\JPEG\LIBJPEG\LIB\X86\RELEASE\JFDCTINT.OBJ
K:\COMPONENTS\LIBRARY\JPEG\LIBJPEG\LIB\X86\RELEASE\JIDCTFLT.OBJ
K:\COMPONENTS\LIBRARY\JPEG\LIBJPEG\LIB\X86\RELEASE\JIDCTFST.OBJ
K:\COMPONENTS\LIBRARY\JPEG\LIBJPEG\LIB\X86\RELEASE\JIDCTINT.OBJ
K:\COMPONENTS\LIBRARY\JPEG\LIBJPEG\LIB\X86\RELEASE\JMEMMGR.OBJ
K:\COMPONENTS\LIBRARY\JPEG\LIBJPEG\LIB\X86\RELEASE\JMEMNOBS.OBJ
K:\COMPONENTS\LIBRARY\JPEG\LIBJPEG\LIB\X86\RELEASE\JPEG_LIB.LIB
K:\Components\Library\JPEG\libjpeg\lib\x86\Release\jpeg_lib.write.1.tlog
K:\COMPONENTS\LIBRARY\JPEG\LIBJPEG\LIB\X86\RELEASE\JQUANT1.OBJ
K:\COMPONENTS\LIBRARY\JPEG\LIBJPEG\LIB\X86\RELEASE\JQUANT2.OBJ
K:\COMPONENTS\LIBRARY\JPEG\LIBJPEG\LIB\X86\RELEASE\JUTILS.OBJ
K:\Components\Library\JPEG\libjpeg\lib\x86\Release\lib.command.1.tlog
K:\Components\Library\JPEG\libjpeg\lib\x86\Release\Lib-link.read.1.tlog
K:\Components\Library\JPEG\libjpeg\lib\x86\Release\Lib-link.write.1.tlog
K:\COMPONENTS\LIBRARY\JPEG\LIBJPEG\LIB\X86\RELEASE\VC100.PDB
