Build started 14/06/2016 14:51:12.
     1>Project "K:\Components\LibraryV2\JPEG\libjpeg\lib\jpeg_lib.vcxproj" on node 2 (build target(s)).
     1>InitializeBuildStatus:
         Touching "x86\Release\jpeg_lib.unsuccessfulbuild".
       ClCompile:
         All outputs are up-to-date.
         c:\Program Files (x86)\Microsoft Visual Studio 10.0\VC\bin\CL.exe /c /Zi /nologo /W3 /WX- /Od /Oi /Oy- /GL /D WIN32 /D NDEBUG /D _LIB /D _CRT_SECURE_NO_WARNINGS /Gm- /EHsc /MD /GS- /Gy /fp:precise /Zc:wchar_t /Zc:forScope /Fo"x86\Release\\" /Fd"x86\Release\vc100.pdb" /Gd /TC /analyze- /errorReport:prompt "..\..\libjpeg-sr9b\jquant2.c"
         jquant2.c
       Lib:
         c:\Program Files (x86)\Microsoft Visual Studio 10.0\VC\bin\Lib.exe /OUT:"K:\Components\LibraryV2\JPEG\libjpeg\lib\x86\Release\jpeg_lib.lib" /NOLOGO /LTCG x86\Release\jaricom.obj
         x86\Release\jcapimin.obj
         x86\Release\jcapistd.obj
         x86\Release\jcarith.obj
         x86\Release\jccoefct.obj
         x86\Release\jccolor.obj
         x86\Release\jcdctmgr.obj
         x86\Release\jchuff.obj
         x86\Release\jcinit.obj
         x86\Release\jcmainct.obj
         x86\Release\jcmarker.obj
         x86\Release\jcmaster.obj
         x86\Release\jcomapi.obj
         x86\Release\jcparam.obj
         x86\Release\jcprepct.obj
         x86\Release\jcsample.obj
         x86\Release\jctrans.obj
         x86\Release\jdapimin.obj
         x86\Release\jdapistd.obj
         x86\Release\jdarith.obj
         x86\Release\jdatadst.obj
         x86\Release\jdatasrc.obj
         x86\Release\jdcoefct.obj
         x86\Release\jdcolor.obj
         x86\Release\jddctmgr.obj
         x86\Release\jdhuff.obj
         x86\Release\jdinput.obj
         x86\Release\jdmainct.obj
         x86\Release\jdmarker.obj
         x86\Release\jdmaster.obj
         x86\Release\jdmerge.obj
         x86\Release\jdpostct.obj
         x86\Release\jdsample.obj
         x86\Release\jdtrans.obj
         x86\Release\jerror.obj
         x86\Release\jfdctflt.obj
         x86\Release\jfdctfst.obj
         x86\Release\jfdctint.obj
         x86\Release\jidctflt.obj
         x86\Release\jidctfst.obj
         x86\Release\jidctint.obj
         x86\Release\jmemmgr.obj
         x86\Release\jmemnobs.obj
         x86\Release\jquant1.obj
         x86\Release\jquant2.obj
         x86\Release\jutils.obj
         jpeg_lib.vcxproj -> K:\Components\LibraryV2\JPEG\libjpeg\lib\x86\Release\jpeg_lib.lib
       PostBuildEvent:
         copy K:\Components\LibraryV2\JPEG\libjpeg\lib\x86\Release\jpeg_lib.lib K:\Components\LibraryV2\JPEG\libjpeg\binaries\lib\x86\Release\jpeg-sr9b.lib
         :VCEnd
                 1 fichier(s) copié(s).
       FinalizeBuildStatus:
         Deleting file "x86\Release\jpeg_lib.unsuccessfulbuild".
         Touching "x86\Release\jpeg_lib.lastbuildstate".
     1>Done Building Project "K:\Components\LibraryV2\JPEG\libjpeg\lib\jpeg_lib.vcxproj" (build target(s)).

Build succeeded.

Time Elapsed 00:00:00.55
