K:\Components\Library\JPEG\libjpeg\lib\x86\Debug\cl.command.1.tlog
K:\Components\Library\JPEG\libjpeg\lib\x86\Debug\CL.read.1.tlog
K:\Components\Library\JPEG\libjpeg\lib\x86\Debug\CL.write.1.tlog
K:\COMPONENTS\LIBRARY\JPEG\LIBJPEG\LIB\X86\DEBUG\JARICOM.OBJ
K:\COMPONENTS\LIBRARY\JPEG\LIBJPEG\LIB\X86\DEBUG\JCAPIMIN.OBJ
K:\COMPONENTS\LIBRARY\JPEG\LIBJPEG\LIB\X86\DEBUG\JCAPISTD.OBJ
K:\COMPONENTS\LIBRARY\JPEG\LIBJPEG\LIB\X86\DEBUG\JCARITH.OBJ
K:\COMPONENTS\LIBRARY\JPEG\LIBJPEG\LIB\X86\DEBUG\JCCOEFCT.OBJ
K:\COMPONENTS\LIBRARY\JPEG\LIBJPEG\LIB\X86\DEBUG\JCCOLOR.OBJ
K:\COMPONENTS\LIBRARY\JPEG\LIBJPEG\LIB\X86\DEBUG\JCDCTMGR.OBJ
K:\COMPONENTS\LIBRARY\JPEG\LIBJPEG\LIB\X86\DEBUG\JCHUFF.OBJ
K:\COMPONENTS\LIBRARY\JPEG\LIBJPEG\LIB\X86\DEBUG\JCINIT.OBJ
K:\COMPONENTS\LIBRARY\JPEG\LIBJPEG\LIB\X86\DEBUG\JCMAINCT.OBJ
K:\COMPONENTS\LIBRARY\JPEG\LIBJPEG\LIB\X86\DEBUG\JCMARKER.OBJ
K:\COMPONENTS\LIBRARY\JPEG\LIBJPEG\LIB\X86\DEBUG\JCMASTER.OBJ
K:\COMPONENTS\LIBRARY\JPEG\LIBJPEG\LIB\X86\DEBUG\JCOMAPI.OBJ
K:\COMPONENTS\LIBRARY\JPEG\LIBJPEG\LIB\X86\DEBUG\JCPARAM.OBJ
K:\COMPONENTS\LIBRARY\JPEG\LIBJPEG\LIB\X86\DEBUG\JCPREPCT.OBJ
K:\COMPONENTS\LIBRARY\JPEG\LIBJPEG\LIB\X86\DEBUG\JCSAMPLE.OBJ
K:\COMPONENTS\LIBRARY\JPEG\LIBJPEG\LIB\X86\DEBUG\JCTRANS.OBJ
K:\COMPONENTS\LIBRARY\JPEG\LIBJPEG\LIB\X86\DEBUG\JDAPIMIN.OBJ
K:\COMPONENTS\LIBRARY\JPEG\LIBJPEG\LIB\X86\DEBUG\JDAPISTD.OBJ
K:\COMPONENTS\LIBRARY\JPEG\LIBJPEG\LIB\X86\DEBUG\JDARITH.OBJ
K:\COMPONENTS\LIBRARY\JPEG\LIBJPEG\LIB\X86\DEBUG\JDATADST.OBJ
K:\COMPONENTS\LIBRARY\JPEG\LIBJPEG\LIB\X86\DEBUG\JDATASRC.OBJ
K:\COMPONENTS\LIBRARY\JPEG\LIBJPEG\LIB\X86\DEBUG\JDCOEFCT.OBJ
K:\COMPONENTS\LIBRARY\JPEG\LIBJPEG\LIB\X86\DEBUG\JDCOLOR.OBJ
K:\COMPONENTS\LIBRARY\JPEG\LIBJPEG\LIB\X86\DEBUG\JDDCTMGR.OBJ
K:\COMPONENTS\LIBRARY\JPEG\LIBJPEG\LIB\X86\DEBUG\JDHUFF.OBJ
K:\COMPONENTS\LIBRARY\JPEG\LIBJPEG\LIB\X86\DEBUG\JDINPUT.OBJ
K:\COMPONENTS\LIBRARY\JPEG\LIBJPEG\LIB\X86\DEBUG\JDMAINCT.OBJ
K:\COMPONENTS\LIBRARY\JPEG\LIBJPEG\LIB\X86\DEBUG\JDMARKER.OBJ
K:\COMPONENTS\LIBRARY\JPEG\LIBJPEG\LIB\X86\DEBUG\JDMASTER.OBJ
K:\COMPONENTS\LIBRARY\JPEG\LIBJPEG\LIB\X86\DEBUG\JDMERGE.OBJ
K:\COMPONENTS\LIBRARY\JPEG\LIBJPEG\LIB\X86\DEBUG\JDPOSTCT.OBJ
K:\COMPONENTS\LIBRARY\JPEG\LIBJPEG\LIB\X86\DEBUG\JDSAMPLE.OBJ
K:\COMPONENTS\LIBRARY\JPEG\LIBJPEG\LIB\X86\DEBUG\JDTRANS.OBJ
K:\COMPONENTS\LIBRARY\JPEG\LIBJPEG\LIB\X86\DEBUG\JERROR.OBJ
K:\COMPONENTS\LIBRARY\JPEG\LIBJPEG\LIB\X86\DEBUG\JFDCTFLT.OBJ
K:\COMPONENTS\LIBRARY\JPEG\LIBJPEG\LIB\X86\DEBUG\JFDCTFST.OBJ
K:\COMPONENTS\LIBRARY\JPEG\LIBJPEG\LIB\X86\DEBUG\JFDCTINT.OBJ
K:\COMPONENTS\LIBRARY\JPEG\LIBJPEG\LIB\X86\DEBUG\JIDCTFLT.OBJ
K:\COMPONENTS\LIBRARY\JPEG\LIBJPEG\LIB\X86\DEBUG\JIDCTFST.OBJ
K:\COMPONENTS\LIBRARY\JPEG\LIBJPEG\LIB\X86\DEBUG\JIDCTINT.OBJ
K:\COMPONENTS\LIBRARY\JPEG\LIBJPEG\LIB\X86\DEBUG\JMEMMGR.OBJ
K:\COMPONENTS\LIBRARY\JPEG\LIBJPEG\LIB\X86\DEBUG\JMEMNOBS.OBJ
K:\COMPONENTS\LIBRARY\JPEG\LIBJPEG\LIB\X86\DEBUG\JPEG_LIB.LIB
K:\Components\Library\JPEG\libjpeg\lib\x86\Debug\jpeg_lib.write.1.tlog
K:\COMPONENTS\LIBRARY\JPEG\LIBJPEG\LIB\X86\DEBUG\JQUANT1.OBJ
K:\COMPONENTS\LIBRARY\JPEG\LIBJPEG\LIB\X86\DEBUG\JQUANT2.OBJ
K:\COMPONENTS\LIBRARY\JPEG\LIBJPEG\LIB\X86\DEBUG\JUTILS.OBJ
K:\Components\Library\JPEG\libjpeg\lib\x86\Debug\lib.command.1.tlog
K:\Components\Library\JPEG\libjpeg\lib\x86\Debug\Lib-link.read.1.tlog
K:\Components\Library\JPEG\libjpeg\lib\x86\Debug\Lib-link.write.1.tlog
K:\Components\Library\JPEG\libjpeg\lib\x86\Debug\vc100.idb
K:\COMPONENTS\LIBRARY\JPEG\LIBJPEG\LIB\X86\DEBUG\VC100.PDB
