Build started 14/06/2016 14:51:13.
     1>Project "K:\Components\LibraryV2\JPEG\libjpeg\lib\jpeg_lib.vcxproj" on node 2 (build target(s)).
     1>InitializeBuildStatus:
         Touching "x64\Debug\jpeg_lib.unsuccessfulbuild".
       ClCompile:
         All outputs are up-to-date.
       Lib:
         c:\Program Files (x86)\Microsoft Visual Studio 10.0\VC\bin\x86_amd64\Lib.exe /OUT:"K:\Components\LibraryV2\JPEG\libjpeg\lib\x64\Debug\jpeg_lib.lib" /NOLOGO x64\Debug\jaricom.obj
         x64\Debug\jcapimin.obj
         x64\Debug\jcapistd.obj
         x64\Debug\jcarith.obj
         x64\Debug\jccoefct.obj
         x64\Debug\jccolor.obj
         x64\Debug\jcdctmgr.obj
         x64\Debug\jchuff.obj
         x64\Debug\jcinit.obj
         x64\Debug\jcmainct.obj
         x64\Debug\jcmarker.obj
         x64\Debug\jcmaster.obj
         x64\Debug\jcomapi.obj
         x64\Debug\jcparam.obj
         x64\Debug\jcprepct.obj
         x64\Debug\jcsample.obj
         x64\Debug\jctrans.obj
         x64\Debug\jdapimin.obj
         x64\Debug\jdapistd.obj
         x64\Debug\jdarith.obj
         x64\Debug\jdatadst.obj
         x64\Debug\jdatasrc.obj
         x64\Debug\jdcoefct.obj
         x64\Debug\jdcolor.obj
         x64\Debug\jddctmgr.obj
         x64\Debug\jdhuff.obj
         x64\Debug\jdinput.obj
         x64\Debug\jdmainct.obj
         x64\Debug\jdmarker.obj
         x64\Debug\jdmaster.obj
         x64\Debug\jdmerge.obj
         x64\Debug\jdpostct.obj
         x64\Debug\jdsample.obj
         x64\Debug\jdtrans.obj
         x64\Debug\jerror.obj
         x64\Debug\jfdctflt.obj
         x64\Debug\jfdctfst.obj
         x64\Debug\jfdctint.obj
         x64\Debug\jidctflt.obj
         x64\Debug\jidctfst.obj
         x64\Debug\jidctint.obj
         x64\Debug\jmemmgr.obj
         x64\Debug\jmemnobs.obj
         x64\Debug\jquant1.obj
         x64\Debug\jquant2.obj
         x64\Debug\jutils.obj
         jpeg_lib.vcxproj -> K:\Components\LibraryV2\JPEG\libjpeg\lib\x64\Debug\jpeg_lib.lib
       PostBuildEvent:
         copy K:\Components\LibraryV2\JPEG\libjpeg\lib\x64\Debug\jpeg_lib.lib K:\Components\LibraryV2\JPEG\libjpeg\binaries\lib\x64\Debug\jpeg-sr9b.lib
         :VCEnd
                 1 fichier(s) copié(s).
       FinalizeBuildStatus:
         Deleting file "x64\Debug\jpeg_lib.unsuccessfulbuild".
         Touching "x64\Debug\jpeg_lib.lastbuildstate".
     1>Done Building Project "K:\Components\LibraryV2\JPEG\libjpeg\lib\jpeg_lib.vcxproj" (build target(s)).

Build succeeded.

Time Elapsed 00:00:00.29
